<?xml version="1.0" encoding="utf-8"?>
<TestRun id="12345678-1234-1234-1234-123456789012" name="UnitTests" runUser="github-actions" xmlns="http://microsoft.com/schemas/VisualStudio/TeamTest/2010">
  <TestRunConfiguration name="default" id="12345678-1234-1234-1234-123456789012">
    <Description>This is a default test run configuration for a local test run.</Description>
    <Deployment runDeploymentRoot="_TestRunResults_" />
  </TestRunConfiguration>
  <Results>
    <UnitTestResult executionId="12345678-1234-1234-1234-123456789012" testId="12345678-1234-1234-1234-123456789012" testName="should_advance_workflow" computerName="github-runner" duration="00:00:00.0123456" startTime="2023-12-01T10:00:00.000Z" endTime="2023-12-01T10:00:00.012Z" testType="13cdc9d9-ddb5-4fa4-a97d-d965ccfc6d4b" outcome="Passed" testListId="8c84fa94-04c1-424b-9868-57a2d4851a1d" relativeResultsDirectory="12345678-1234-1234-1234-123456789012">
      <Output>
        <StdOut>Test execution completed successfully.</StdOut>
      </Output>
    </UnitTestResult>
    <UnitTestResult executionId="12345678-1234-1234-1234-123456789013" testId="12345678-1234-1234-1234-123456789013" testName="should_branch_children" computerName="github-runner" duration="00:00:00.0234567" startTime="2023-12-01T10:00:00.012Z" endTime="2023-12-01T10:00:00.036Z" testType="13cdc9d9-ddb5-4fa4-a97d-d965ccfc6d4b" outcome="Passed" testListId="8c84fa94-04c1-424b-9868-57a2d4851a1d" relativeResultsDirectory="12345678-1234-1234-1234-123456789013">
      <Output>
        <StdOut>Branch children test completed successfully.</StdOut>
      </Output>
    </UnitTestResult>
    <UnitTestResult executionId="12345678-1234-1234-1234-123456789014" testId="12345678-1234-1234-1234-123456789014" testName="example_failing_test" computerName="github-runner" duration="00:00:00.0345678" startTime="2023-12-01T10:00:00.036Z" endTime="2023-12-01T10:00:00.071Z" testType="13cdc9d9-ddb5-4fa4-a97d-d965ccfc6d4b" outcome="Failed" testListId="8c84fa94-04c1-424b-9868-57a2d4851a1d" relativeResultsDirectory="12345678-1234-1234-1234-123456789014">
      <Output>
        <ErrorInfo>
          <Message>Assert.Equal() Failure&#xD;&#xA;Expected: True&#xD;&#xA;Actual:   False</Message>
          <StackTrace>   at WorkflowCore.UnitTests.Services.SomeTest.example_failing_test() in /home/runner/work/workflow-core/workflow-core/test/WorkflowCore.UnitTests/Services/SomeTest.cs:line 42</StackTrace>
        </ErrorInfo>
      </Output>
    </UnitTestResult>
  </Results>
  <TestDefinitions>
    <UnitTest name="should_advance_workflow" storage="/home/runner/work/workflow-core/workflow-core/test/WorkflowCore.UnitTests/bin/Debug/net6.0/WorkflowCore.UnitTests.dll" id="12345678-1234-1234-1234-123456789012">
      <Execution id="12345678-1234-1234-1234-123456789012" />
      <TestMethod codeBase="/home/runner/work/workflow-core/workflow-core/test/WorkflowCore.UnitTests/bin/Debug/net6.0/WorkflowCore.UnitTests.dll" adapterTypeName="Microsoft.VisualStudio.TestTools.TestTypes.Unit.UnitTestAdapter" className="WorkflowCore.UnitTests.Services.ExecutionResultProcessorFixture" name="should_advance_workflow" />
    </UnitTest>
    <UnitTest name="should_branch_children" storage="/home/runner/work/workflow-core/workflow-core/test/WorkflowCore.UnitTests/bin/Debug/net6.0/WorkflowCore.UnitTests.dll" id="12345678-1234-1234-1234-123456789013">
      <Execution id="12345678-1234-1234-1234-123456789013" />
      <TestMethod codeBase="/home/runner/work/workflow-core/workflow-core/test/WorkflowCore.UnitTests/bin/Debug/net6.0/WorkflowCore.UnitTests.dll" adapterTypeName="Microsoft.VisualStudio.TestTools.TestTypes.Unit.UnitTestAdapter" className="WorkflowCore.UnitTests.Services.ExecutionResultProcessorFixture" name="should_branch_children" />
    </UnitTest>
    <UnitTest name="example_failing_test" storage="/home/runner/work/workflow-core/workflow-core/test/WorkflowCore.UnitTests/bin/Debug/net6.0/WorkflowCore.UnitTests.dll" id="12345678-1234-1234-1234-123456789014">
      <Execution id="12345678-1234-1234-1234-123456789014" />
      <TestMethod codeBase="/home/runner/work/workflow-core/workflow-core/test/WorkflowCore.UnitTests/bin/Debug/net6.0/WorkflowCore.UnitTests.dll" adapterTypeName="Microsoft.VisualStudio.TestTools.TestTypes.Unit.UnitTestAdapter" className="WorkflowCore.UnitTests.Services.SomeTest" name="example_failing_test" />
    </UnitTest>
  </TestDefinitions>
  <TestEntries>
    <TestEntry testId="12345678-1234-1234-1234-123456789012" executionId="12345678-1234-1234-1234-123456789012" testListId="8c84fa94-04c1-424b-9868-57a2d4851a1d" />
    <TestEntry testId="12345678-1234-1234-1234-123456789013" executionId="12345678-1234-1234-1234-123456789013" testListId="8c84fa94-04c1-424b-9868-57a2d4851a1d" />
    <TestEntry testId="12345678-1234-1234-1234-123456789014" executionId="12345678-1234-1234-1234-123456789014" testListId="8c84fa94-04c1-424b-9868-57a2d4851a1d" />
  </TestEntries>
  <TestLists>
    <TestList name="Results Not in a List" id="8c84fa94-04c1-424b-9868-57a2d4851a1d" />
    <TestList name="All Loaded Results" id="19431567-8539-422a-85d7-44ee4e166bda" />
  </TestLists>
  <ResultSummary outcome="Failed">
    <Counters total="3" executed="3" passed="2" failed="1" error="0" timeout="0" aborted="0" inconclusive="0" passedButRunAborted="0" notRunnable="0" notExecuted="0" disconnected="0" warning="0" completed="0" inProgress="0" pending="0" />
  </ResultSummary>
</TestRun>
